PID: 24779
allocating gpus: 7,5,3,0
2020-04-22 16:03:56,947 cuda: true
dataloader:
  kwargs:
    batch_size: 12
    num_workers: 4
    pin_memory: true
    shuffle: true
  name: pt_loader
dir: ./outputs/${now:%Y-%m-%d}/${now:%H-%M-%S}_${name}_${model.name}
epochs: 300
eval: pixel_error
gpus: 4
import_class: BDTrain
import_prepath: experiments.contour_detection
log_freq: 20
loss: class_balanced_bce_with_logits
model:
  args:
    attention: gala
    attention_layers: 1
    base_ff:
      args:
        freeze_layers: false
        load_weights: true
        n_layers: 17
        weight_path: /media/data_cifs/aimen/CC_experiments/model_weights/vgg_16.pth.tar
      import_class: VGG_16
      import_prepath: models.vgg_16
      name: vgg_hgru
    ff_non_linearity: ReLU
    force_alpha_divisive: false
    force_non_negativity: true
    gn_params:
    - - conv2_2
      - 3
    - - conv3_3
      - 3
    - - conv4_3
      - 3
    - - conv5_3
      - 1
    - - conv4_3
      - 1
    - - conv3_3
      - 1
    - - conv2_2
      - 1
    hidden_init: identity
    multiplicative_excitation: true
    norm_attention: false
    normalization_fgru: InstanceNorm2d
    normalization_fgru_params:
      affine: true
    normalization_gate: InstanceNorm2d
    normalization_gate_params:
      affine: true
    readout: true
    readout_feats: 1
    saliency_filter_size: 3
    timesteps: 8
    us_resize_before_block: true
  import_class: BaseGN
  import_prepath: models.base_gammanet
  name: base_gammanet
name: vgg_gn_cd_160
optim:
  exclusion_params:
  - lr: 1.0e-05
    params:
    - base_ff
    weight_decay: 0.0002
  name: Adam
  params:
    betas:
    - 0.9
    - 0.999
    lr: 0.0003
    weight_decay: 0.0002
parallel: true
save_freq: 1
sum_freq: 10
track_grads:
  grad_flow:
    freq: 240
trainset:
  data_path: /media/data_cifs/image_datasets/hed_bsds/HED-BSDS/
  import_class: BSDS500_AUG
  import_prepath: data.BSDS500_100
  input: image
  list_file: /media/data_cifs/image_datasets/hed_bsds/HED-BSDS/train_pair.lst
  name: BSDS500_crops
  resize: 160
  target: label
type: train
val_freq: 1
valset:
  images_path: /media/data_cifs/pytorch_projects/datasets/BSDS500_crops/data/images/val
  import_class: BSDS500
  import_prepath: data.BSDS500_100
  input: image
  labels_path: /media/data_cifs/pytorch_projects/datasets/BSDS500_crops/data/groundTruth/val
  name: BSDS500_crops
  resize: 160
  target: label

agg
[160, 160]
[160, 160]
importing  models.base_gammanet . BaseGN
importing  models.vgg_16 . VGG_16
2020-04-22 16:04:20,326 number of trainable parameters : 24850888
2020-04-22 16:04:20,333 base_ff excluded params number : 26
2020-04-22 16:04:20,337 remaining params number : 169
2020-04-22 16:04:24,581 Loading parallel finished on GPU count: 4
2020-04-22 16:04:24,674 train epoch 1
2020-04-22 16:04:51,131 [epoch 001/300][b 0000/2400][b_t 22.2524][L 0.0353][L_m 0.0353][L_em 0.0353][S 12903.0840][S_m 12903.0840][S_em 12903.0840]
2020-04-22 16:05:11,526 [epoch 001/300][b 0020/2400][b_t 1.0042][L 0.0331][L_m 0.0359][L_em 0.0359][S 5971.0835][S_m 8667.6711][S_em 8869.3574]
2020-04-22 16:05:29,365 [epoch 001/300][b 0040/2400][b_t 0.8791][L 0.0377][L_m 0.0330][L_em 0.0345][S 4277.8335][S_m 4795.5543][S_em 6882.1364]
2020-04-22 16:05:46,987 [epoch 001/300][b 0060/2400][b_t 0.8652][L 0.0330][L_m 0.0324][L_em 0.0338][S 4217.0000][S_m 3980.9251][S_em 5930.9196]
2020-04-22 16:06:04,486 [epoch 001/300][b 0080/2400][b_t 0.8628][L 0.0268][L_m 0.0306][L_em 0.0330][S 3754.5835][S_m 3852.5251][S_em 5417.7358]
